2025-07-08 19:48:25 [main] INFO  org.hibernate.Version - HHH000412: Hibernate ORM core version 7.0.5.Final
2025-07-08 19:48:26 [main] WARN  o.hibernate.orm.connections.pooling - HHH10001002: Using built-in connection pool (not intended for production use)
2025-07-08 19:48:26 [main] INFO  o.hibernate.orm.connections.pooling - HHH10001005: Database info:
	Database JDBC URL [jdbc:postgresql://localhost:1212/java-guru]
	Database driver: org.postgresql.Driver
	Database version: 17.5
	Autocommit mode: false
	Isolation level: undefined/unknown
	Pool: DriverManagerConnectionProviderImpl
	Minimum pool size: 1
	Maximum pool size: 20
2025-07-08 19:48:27 [main] INFO  o.h.e.t.j.p.i.JtaPlatformInitiator - HHH000489: No JTA platform available (set 'hibernate.transaction.jta.platform' to enable JTA platform integration)
2025-07-08 19:48:27 [main] WARN  org.hibernate.orm.jdbc.error - HHH000247: ErrorCode: 0, SQLState: 42703
2025-07-08 19:48:27 [main] WARN  org.hibernate.orm.jdbc.error - ERROR: column "birthdate" of relation "users" does not exist
  Позиция: 24
2025-07-08 19:48:27 [main] ERROR c.e.h.practice.HibernateRunner - could not execute statement [ERROR: column "birthdate" of relation "users" does not exist
  Позиция: 24] [insert into users (age,birthDate,firstname,lastname,username) values (?,?,?,?,?)]
org.postgresql.util.PSQLException: ERROR: column "birthdate" of relation "users" does not exist
  Позиция: 24
	at org.postgresql.core.v3.QueryExecutorImpl.receiveErrorResponse(QueryExecutorImpl.java:2734)
	at org.postgresql.core.v3.QueryExecutorImpl.processResults(QueryExecutorImpl.java:2421)
	at org.postgresql.core.v3.QueryExecutorImpl.execute(QueryExecutorImpl.java:372)
	at org.postgresql.jdbc.PgStatement.executeInternal(PgStatement.java:518)
	at org.postgresql.jdbc.PgStatement.execute(PgStatement.java:435)
	at org.postgresql.jdbc.PgPreparedStatement.executeWithFlags(PgPreparedStatement.java:196)
	at org.postgresql.jdbc.PgPreparedStatement.executeUpdate(PgPreparedStatement.java:157)
	at org.hibernate.engine.jdbc.internal.ResultSetReturnImpl.executeUpdate(ResultSetReturnImpl.java:190)
	at org.hibernate.engine.jdbc.mutation.internal.AbstractMutationExecutor.performNonBatchedMutation(AbstractMutationExecutor.java:148)
	at org.hibernate.engine.jdbc.mutation.internal.MutationExecutorSingleNonBatched.performNonBatchedOperations(MutationExecutorSingleNonBatched.java:53)
	at org.hibernate.engine.jdbc.mutation.internal.AbstractMutationExecutor.execute(AbstractMutationExecutor.java:66)
	at org.hibernate.engine.jdbc.mutation.internal.AbstractMutationExecutor.execute(AbstractMutationExecutor.java:55)
	at org.hibernate.persister.entity.mutation.InsertCoordinatorStandard.doStaticInserts(InsertCoordinatorStandard.java:191)
	at org.hibernate.persister.entity.mutation.InsertCoordinatorStandard.coordinateInsert(InsertCoordinatorStandard.java:129)
	at org.hibernate.persister.entity.mutation.InsertCoordinatorStandard.insert(InsertCoordinatorStandard.java:101)
	at org.hibernate.action.internal.EntityInsertAction.execute(EntityInsertAction.java:113)
	at org.hibernate.engine.spi.ActionQueue.executeActions(ActionQueue.java:642)
	at org.hibernate.engine.spi.ActionQueue.executeActions(ActionQueue.java:508)
	at org.hibernate.event.internal.AbstractFlushingEventListener.performExecutions(AbstractFlushingEventListener.java:372)
	at org.hibernate.event.internal.DefaultFlushEventListener.onFlush(DefaultFlushEventListener.java:39)
	at org.hibernate.event.service.internal.EventListenerGroupImpl.fireEventOnEachListener(EventListenerGroupImpl.java:140)
	at org.hibernate.internal.SessionImpl.doFlush(SessionImpl.java:1448)
	at org.hibernate.internal.SessionImpl.managedFlush(SessionImpl.java:490)
	at org.hibernate.internal.SessionImpl.flushBeforeTransactionCompletion(SessionImpl.java:2351)
	at org.hibernate.internal.SessionImpl.beforeTransactionCompletion(SessionImpl.java:2020)
	at org.hibernate.engine.jdbc.internal.JdbcCoordinatorImpl.beforeTransactionCompletion(JdbcCoordinatorImpl.java:379)
	at org.hibernate.resource.transaction.backend.jdbc.internal.JdbcResourceLocalTransactionCoordinatorImpl.beforeCompletionCallback(JdbcResourceLocalTransactionCoordinatorImpl.java:167)
	at org.hibernate.resource.transaction.backend.jdbc.internal.JdbcResourceLocalTransactionCoordinatorImpl$TransactionDriverControlImpl.commitNoRollbackOnly(JdbcResourceLocalTransactionCoordinatorImpl.java:249)
	at org.hibernate.resource.transaction.backend.jdbc.internal.JdbcResourceLocalTransactionCoordinatorImpl$TransactionDriverControlImpl.commit(JdbcResourceLocalTransactionCoordinatorImpl.java:243)
	at org.hibernate.engine.transaction.internal.TransactionImpl.commit(TransactionImpl.java:90)
	at com.example.hibernate.practice.HibernateRunner.main(HibernateRunner.java:27)
